[ 2017-11-24T14:04:36+08:00 ] 127.0.0.1 /
INFO: [ app_init ] --START--
INFO: Run Behavior\BuildLiteBehavior [ RunTime:0.000000s ]
INFO: Run Common\Behavior\InitHookBehavior [ RunTime:0.069004s ]
INFO: [ app_init ] --END-- [ RunTime:0.090005s ]
INFO: [ app_begin ] --START--
INFO: Run Behavior\ReadHtmlCacheBehavior [ RunTime:0.006000s ]
INFO: [ app_begin ] --END-- [ RunTime:0.006000s ]

[ 2017-11-24T14:04:39+08:00 ] 127.0.0.1 /index.php?s=/Member/getUser.html
INFO: [ app_init ] --START--
INFO: Run Behavior\BuildLiteBehavior [ RunTime:0.000000s ]
INFO: Run Common\Behavior\InitHookBehavior [ RunTime:0.002000s ]
INFO: [ app_init ] --END-- [ RunTime:0.002000s ]
INFO: [ app_begin ] --START--
INFO: Run Behavior\ReadHtmlCacheBehavior [ RunTime:0.001000s ]
INFO: [ app_begin ] --END-- [ RunTime:0.001000s ]

[ 2017-11-24T14:04:45+08:00 ] 127.0.0.1 /index.php?s=/Music/getdata.html
INFO: [ app_init ] --START--
INFO: Run Behavior\BuildLiteBehavior [ RunTime:0.001000s ]
INFO: Run Common\Behavior\InitHookBehavior [ RunTime:0.003000s ]
INFO: [ app_init ] --END-- [ RunTime:0.005000s ]
INFO: [ app_begin ] --START--
INFO: Run Behavior\ReadHtmlCacheBehavior [ RunTime:0.001000s ]
INFO: [ app_begin ] --END-- [ RunTime:0.001000s ]
SQL: SHOW COLUMNS FROM `jy_songs` [ RunTime:0.0570s ]
SQL: SELECT a.id,a.server_id,a.name,a.artist_id,a.artist_name,a.album_id,a.album_name,a.cover_url,a.up_uid,a.up_uname,b.lrc,b.listen_url FROM jy_songs a LEFT JOIN jy_songs_extend b ON a.id= b.mid  WHERE `id` = 4 LIMIT 1   [ RunTime:0.0550s ]
SQL: UPDATE `jy_songs` SET `listens`=listens+1 WHERE `id` = 4 [ RunTime:0.0550s ]

[ 2017-11-24T14:06:37+08:00 ] 127.0.0.1 /index.php?s=/Music/getdata.html
INFO: [ app_init ] --START--
INFO: Run Behavior\BuildLiteBehavior [ RunTime:0.000000s ]
INFO: Run Common\Behavior\InitHookBehavior [ RunTime:0.002000s ]
INFO: [ app_init ] --END-- [ RunTime:0.003000s ]
INFO: [ app_begin ] --START--
INFO: Run Behavior\ReadHtmlCacheBehavior [ RunTime:0.001000s ]
INFO: [ app_begin ] --END-- [ RunTime:0.001000s ]
SQL: SHOW COLUMNS FROM `jy_songs` [ RunTime:0.0580s ]
SQL: SELECT a.id,a.server_id,a.name,a.artist_id,a.artist_name,a.album_id,a.album_name,a.cover_url,a.up_uid,a.up_uname,b.lrc,b.listen_url FROM jy_songs a LEFT JOIN jy_songs_extend b ON a.id= b.mid  WHERE `id` = 2 LIMIT 1   [ RunTime:0.0570s ]
SQL: UPDATE `jy_songs` SET `listens`=listens+1 WHERE `id` = 2 [ RunTime:0.0570s ]

[ 2017-11-24T14:08:24+08:00 ] 127.0.0.1 /index.php?s=/music/1.html
INFO: [ app_init ] --START--
INFO: Run Behavior\BuildLiteBehavior [ RunTime:0.000000s ]
INFO: Run Common\Behavior\InitHookBehavior [ RunTime:0.002000s ]
INFO: [ app_init ] --END-- [ RunTime:0.002000s ]
INFO: [ app_begin ] --START--
INFO: Run Behavior\ReadHtmlCacheBehavior [ RunTime:0.000000s ]
INFO: [ app_begin ] --END-- [ RunTime:0.000000s ]

[ 2017-11-24T14:08:25+08:00 ] 127.0.0.1 /index.php?s=/Music/getdata.html
INFO: [ app_init ] --START--
INFO: Run Behavior\BuildLiteBehavior [ RunTime:0.000000s ]
INFO: Run Common\Behavior\InitHookBehavior [ RunTime:0.002000s ]
INFO: [ app_init ] --END-- [ RunTime:0.002000s ]
INFO: [ app_begin ] --START--
INFO: Run Behavior\ReadHtmlCacheBehavior [ RunTime:0.000000s ]
INFO: [ app_begin ] --END-- [ RunTime:0.000000s ]
SQL: SHOW COLUMNS FROM `jy_songs` [ RunTime:0.0590s ]
SQL: SELECT a.id,a.server_id,a.name,a.artist_id,a.artist_name,a.album_id,a.album_name,a.cover_url,a.up_uid,a.up_uname,b.lrc,b.listen_url FROM jy_songs a LEFT JOIN jy_songs_extend b ON a.id= b.mid  WHERE `id` = 1 LIMIT 1   [ RunTime:0.0590s ]
SQL: UPDATE `jy_songs` SET `listens`=listens+1 WHERE `id` = 1 [ RunTime:0.0570s ]

[ 2017-11-24T14:08:30+08:00 ] 127.0.0.1 /index.php?s=/Member/getUser.html
INFO: [ app_init ] --START--
INFO: Run Behavior\BuildLiteBehavior [ RunTime:0.000000s ]
INFO: Run Common\Behavior\InitHookBehavior [ RunTime:0.002000s ]
INFO: [ app_init ] --END-- [ RunTime:0.003000s ]
INFO: [ app_begin ] --START--
INFO: Run Behavior\ReadHtmlCacheBehavior [ RunTime:0.001000s ]
INFO: [ app_begin ] --END-- [ RunTime:0.001000s ]

[ 2017-11-24T14:11:13+08:00 ] 127.0.0.1 /index.php?s=/music/3.html
INFO: [ app_init ] --START--
INFO: Run Behavior\BuildLiteBehavior [ RunTime:0.000000s ]
INFO: Run Common\Behavior\InitHookBehavior [ RunTime:0.002000s ]
INFO: [ app_init ] --END-- [ RunTime:0.002000s ]
INFO: [ app_begin ] --START--
INFO: Run Behavior\ReadHtmlCacheBehavior [ RunTime:0.001000s ]
INFO: [ app_begin ] --END-- [ RunTime:0.001000s ]

[ 2017-11-24T14:11:14+08:00 ] 127.0.0.1 /index.php?s=/Music/getdata.html
INFO: [ app_init ] --START--
INFO: Run Behavior\BuildLiteBehavior [ RunTime:0.000000s ]
INFO: Run Common\Behavior\InitHookBehavior [ RunTime:0.001000s ]
INFO: [ app_init ] --END-- [ RunTime:0.001000s ]
INFO: [ app_begin ] --START--
INFO: Run Behavior\ReadHtmlCacheBehavior [ RunTime:0.000000s ]
INFO: [ app_begin ] --END-- [ RunTime:0.001000s ]
SQL: SHOW COLUMNS FROM `jy_songs` [ RunTime:0.0580s ]
SQL: SELECT a.id,a.server_id,a.name,a.artist_id,a.artist_name,a.album_id,a.album_name,a.cover_url,a.up_uid,a.up_uname,b.lrc,b.listen_url FROM jy_songs a LEFT JOIN jy_songs_extend b ON a.id= b.mid  WHERE `id` = 3 LIMIT 1   [ RunTime:0.0580s ]
SQL: UPDATE `jy_songs` SET `listens`=listens+1 WHERE `id` = 3 [ RunTime:0.0560s ]

[ 2017-11-24T14:11:14+08:00 ] 127.0.0.1 /Uploads/Picture/2016-10-25/580f1229470fa.png
INFO: [ app_init ] --START--
INFO: Run Behavior\BuildLiteBehavior [ RunTime:0.000000s ]
INFO: Run Common\Behavior\InitHookBehavior [ RunTime:0.002000s ]
INFO: [ app_init ] --END-- [ RunTime:0.002000s ]

[ 2017-11-24T14:11:18+08:00 ] 127.0.0.1 /index.php?s=/Member/getUser.html
INFO: [ app_init ] --START--
INFO: Run Behavior\BuildLiteBehavior [ RunTime:0.000000s ]
INFO: Run Common\Behavior\InitHookBehavior [ RunTime:0.002000s ]
INFO: [ app_init ] --END-- [ RunTime:0.002000s ]
INFO: [ app_begin ] --START--
INFO: Run Behavior\ReadHtmlCacheBehavior [ RunTime:0.000000s ]
INFO: [ app_begin ] --END-- [ RunTime:0.000000s ]

[ 2017-11-24T14:11:36+08:00 ] 127.0.0.1 /index.php?s=/music/4.html
INFO: [ app_init ] --START--
INFO: Run Behavior\BuildLiteBehavior [ RunTime:0.000000s ]
INFO: Run Common\Behavior\InitHookBehavior [ RunTime:0.002001s ]
INFO: [ app_init ] --END-- [ RunTime:0.002001s ]
INFO: [ app_begin ] --START--
INFO: Run Behavior\ReadHtmlCacheBehavior [ RunTime:0.001000s ]
INFO: [ app_begin ] --END-- [ RunTime:0.001000s ]

[ 2017-11-24T14:11:37+08:00 ] 127.0.0.1 /index.php?s=/music/4.html
INFO: [ app_init ] --START--
INFO: Run Behavior\BuildLiteBehavior [ RunTime:0.000000s ]
INFO: Run Common\Behavior\InitHookBehavior [ RunTime:0.003000s ]
INFO: [ app_init ] --END-- [ RunTime:0.003000s ]
INFO: [ app_begin ] --START--
INFO: Run Behavior\ReadHtmlCacheBehavior [ RunTime:0.001000s ]
INFO: [ app_begin ] --END-- [ RunTime:0.001000s ]

[ 2017-11-24T14:11:38+08:00 ] 127.0.0.1 /index.php?s=/Music/getdata.html
INFO: [ app_init ] --START--
INFO: Run Behavior\BuildLiteBehavior [ RunTime:0.000000s ]
INFO: Run Common\Behavior\InitHookBehavior [ RunTime:0.003000s ]
INFO: [ app_init ] --END-- [ RunTime:0.003000s ]
INFO: [ app_begin ] --START--
INFO: Run Behavior\ReadHtmlCacheBehavior [ RunTime:0.000000s ]
INFO: [ app_begin ] --END-- [ RunTime:0.001000s ]
SQL: SHOW COLUMNS FROM `jy_songs` [ RunTime:0.0570s ]
SQL: SELECT a.id,a.server_id,a.name,a.artist_id,a.artist_name,a.album_id,a.album_name,a.cover_url,a.up_uid,a.up_uname,b.lrc,b.listen_url FROM jy_songs a LEFT JOIN jy_songs_extend b ON a.id= b.mid  WHERE `id` = 4 LIMIT 1   [ RunTime:0.0570s ]
SQL: UPDATE `jy_songs` SET `listens`=listens+1 WHERE `id` = 4 [ RunTime:0.0560s ]

[ 2017-11-24T14:11:41+08:00 ] 127.0.0.1 /index.php?s=/Member/getUser.html
INFO: [ app_init ] --START--
INFO: Run Behavior\BuildLiteBehavior [ RunTime:0.000000s ]
INFO: Run Common\Behavior\InitHookBehavior [ RunTime:0.002000s ]
INFO: [ app_init ] --END-- [ RunTime:0.002000s ]
INFO: [ app_begin ] --START--
INFO: Run Behavior\ReadHtmlCacheBehavior [ RunTime:0.001000s ]
INFO: [ app_begin ] --END-- [ RunTime:0.001000s ]

[ 2017-11-24T14:12:08+08:00 ] 127.0.0.1 /admin/
INFO: [ app_init ] --START--
INFO: Run Behavior\BuildLiteBehavior [ RunTime:0.000000s ]
INFO: Run Common\Behavior\InitHookBehavior [ RunTime:0.002000s ]
INFO: [ app_init ] --END-- [ RunTime:0.003000s ]
INFO: [ app_begin ] --START--
INFO: Run Behavior\ReadHtmlCacheBehavior [ RunTime:0.001000s ]
INFO: [ app_begin ] --END-- [ RunTime:0.001000s ]

[ 2017-11-24T14:12:09+08:00 ] 127.0.0.1 /index.php?s=/
INFO: [ app_init ] --START--
INFO: Run Behavior\BuildLiteBehavior [ RunTime:0.000000s ]
INFO: Run Common\Behavior\InitHookBehavior [ RunTime:0.002000s ]
INFO: [ app_init ] --END-- [ RunTime:0.002000s ]
INFO: [ app_begin ] --START--
INFO: Run Behavior\ReadHtmlCacheBehavior [ RunTime:0.001000s ]
INFO: [ app_begin ] --END-- [ RunTime:0.001000s ]

[ 2017-11-24T14:12:09+08:00 ] 127.0.0.1 /index.php?s=/Member/getUser.html
INFO: [ app_init ] --START--
INFO: Run Behavior\BuildLiteBehavior [ RunTime:0.000000s ]
INFO: Run Common\Behavior\InitHookBehavior [ RunTime:0.002000s ]
INFO: [ app_init ] --END-- [ RunTime:0.003000s ]
INFO: [ app_begin ] --START--
INFO: Run Behavior\ReadHtmlCacheBehavior [ RunTime:0.000000s ]
INFO: [ app_begin ] --END-- [ RunTime:0.000000s ]

