[ 2017-11-24T14:12:15+08:00 ] 127.0.0.1 /admin.php
INFO: [ app_init ] --START--
INFO: Run Behavior\BuildLiteBehavior [ RunTime:0.000000s ]
INFO: Run Common\Behavior\InitHookBehavior [ RunTime:0.003001s ]
INFO: [ app_init ] --END-- [ RunTime:0.003001s ]
INFO: [ app_begin ] --START--
INFO: Run Behavior\ReadHtmlCacheBehavior [ RunTime:0.001000s ]
INFO: [ app_begin ] --END-- [ RunTime:0.001000s ]

[ 2017-11-24T14:12:15+08:00 ] 127.0.0.1 /admin.php?s=/Public/login.html
INFO: [ app_init ] --START--
INFO: Run Behavior\BuildLiteBehavior [ RunTime:0.000000s ]
INFO: Run Common\Behavior\InitHookBehavior [ RunTime:0.002000s ]
INFO: [ app_init ] --END-- [ RunTime:0.004000s ]
INFO: [ app_begin ] --START--
INFO: Run Behavior\ReadHtmlCacheBehavior [ RunTime:0.001000s ]
INFO: [ app_begin ] --END-- [ RunTime:0.001000s ]

[ 2017-11-24T14:12:17+08:00 ] 127.0.0.1 /admin.php?s=/Public/verify.html
INFO: [ app_init ] --START--
INFO: Run Behavior\BuildLiteBehavior [ RunTime:0.001000s ]
INFO: Run Common\Behavior\InitHookBehavior [ RunTime:0.002000s ]
INFO: [ app_init ] --END-- [ RunTime:0.003000s ]
INFO: [ app_begin ] --START--
INFO: Run Behavior\ReadHtmlCacheBehavior [ RunTime:0.000000s ]
INFO: [ app_begin ] --END-- [ RunTime:0.001000s ]
INFO: [ app_end ] --START--
INFO: Run Behavior\ShowPageTraceBehavior [ RunTime:0.001000s ]
INFO: [ app_end ] --END-- [ RunTime:0.001000s ]

[ 2017-11-24T14:12:42+08:00 ] 127.0.0.1 /admin.php?s=/Public/login.html
INFO: [ app_init ] --START--
INFO: Run Behavior\BuildLiteBehavior [ RunTime:0.000000s ]
INFO: Run Common\Behavior\InitHookBehavior [ RunTime:0.002000s ]
INFO: [ app_init ] --END-- [ RunTime:0.002000s ]
INFO: [ app_begin ] --START--
INFO: Run Behavior\ReadHtmlCacheBehavior [ RunTime:0.000000s ]
INFO: [ app_begin ] --END-- [ RunTime:0.000000s ]

[ 2017-11-24T14:12:42+08:00 ] 127.0.0.1 /admin.php?s=/Public/verify.html&random=0.34480192504599816
INFO: [ app_init ] --START--
INFO: Run Behavior\BuildLiteBehavior [ RunTime:0.000000s ]
INFO: Run Common\Behavior\InitHookBehavior [ RunTime:0.001000s ]
INFO: [ app_init ] --END-- [ RunTime:0.002000s ]
INFO: [ app_begin ] --START--
INFO: Run Behavior\ReadHtmlCacheBehavior [ RunTime:0.001000s ]
INFO: [ app_begin ] --END-- [ RunTime:0.001000s ]
INFO: [ app_end ] --START--
INFO: Run Behavior\ShowPageTraceBehavior [ RunTime:0.001000s ]
INFO: [ app_end ] --END-- [ RunTime:0.001000s ]

[ 2017-11-24T14:12:51+08:00 ] 127.0.0.1 /admin.php?s=/Public/verify.html&random=0.5906378012490727
INFO: [ app_init ] --START--
INFO: Run Behavior\BuildLiteBehavior [ RunTime:0.000000s ]
INFO: Run Common\Behavior\InitHookBehavior [ RunTime:0.003000s ]
INFO: [ app_init ] --END-- [ RunTime:0.003000s ]
INFO: [ app_begin ] --START--
INFO: Run Behavior\ReadHtmlCacheBehavior [ RunTime:0.000000s ]
INFO: [ app_begin ] --END-- [ RunTime:0.000000s ]
INFO: [ app_end ] --START--
INFO: Run Behavior\ShowPageTraceBehavior [ RunTime:0.001000s ]
INFO: [ app_end ] --END-- [ RunTime:0.001000s ]

[ 2017-11-24T14:12:57+08:00 ] 127.0.0.1 /admin.php?s=/Public/login.html
INFO: [ app_init ] --START--
INFO: Run Behavior\BuildLiteBehavior [ RunTime:0.000000s ]
INFO: Run Common\Behavior\InitHookBehavior [ RunTime:0.001000s ]
INFO: [ app_init ] --END-- [ RunTime:0.002001s ]
INFO: [ app_begin ] --START--
INFO: Run Behavior\ReadHtmlCacheBehavior [ RunTime:0.001000s ]
INFO: [ app_begin ] --END-- [ RunTime:0.001000s ]
NOTIC: [8] Constant UC_AUTH_KEY already defined D:\WAMP\www\www.my-music.cn\Data\Conf\conf.php 第 11 行.
NOTIC: [8] Constant DB_TYPE already defined D:\WAMP\www\www.my-music.cn\Data\Conf\conf.php 第 12 行.
NOTIC: [8] Constant DB_HOST already defined D:\WAMP\www\www.my-music.cn\Data\Conf\conf.php 第 13 行.
NOTIC: [8] Constant DB_NAME already defined D:\WAMP\www\www.my-music.cn\Data\Conf\conf.php 第 14 行.
NOTIC: [8] Constant DB_USER already defined D:\WAMP\www\www.my-music.cn\Data\Conf\conf.php 第 15 行.
NOTIC: [8] Constant DB_PWD already defined D:\WAMP\www\www.my-music.cn\Data\Conf\conf.php 第 16 行.
NOTIC: [8] Constant DB_PORT already defined D:\WAMP\www\www.my-music.cn\Data\Conf\conf.php 第 17 行.
NOTIC: [8] Constant DB_PREFIX already defined D:\WAMP\www\www.my-music.cn\Data\Conf\conf.php 第 18 行.
NOTIC: [8] Undefined index: lite D:\WAMP\www\www.my-music.cn\ThinkPHP\Library\Think\Db.class.php 第 37 行.
SQL: SHOW COLUMNS FROM `jy_member` [ RunTime:0.0590s ]
SQL: SELECT `uid`,`nickname`,`pic_id`,`songs`,`albums`,`listens`,`follows`,`fans`,`sex`,`hits`,`birthday`,`qq`,`score`,`coin`,`signature`,`location`,`province`,`city`,`district`,`space`,`login`,`reg_ip`,`reg_time`,`last_login_ip`,`last_login_time`,`status`,`cdkey` FROM `jy_member` WHERE `uid` = 1 LIMIT 1   [ RunTime:0.0660s ]
SQL: SHOW COLUMNS FROM `jy_action` [ RunTime:0.1160s ]
SQL: SELECT * FROM `jy_action` WHERE `name` = 'user_login' LIMIT 1   [ RunTime:0.0560s ]
SQL: SHOW COLUMNS FROM `jy_member` [ RunTime:0.0580s ]
SQL: SELECT `nickname` FROM `jy_member` WHERE `uid` = 1 LIMIT 1   [ RunTime:0.0570s ]
SQL: SHOW COLUMNS FROM `jy_action_log` [ RunTime:0.0810s ]
SQL: INSERT INTO `jy_action_log` (`action_id`,`user_id`,`action_ip`,`model`,`record_id`,`create_time`,`remark`) VALUES ('1','1','2130706433','member','1','1511503975','administratorzyy在2017-11-24 14:12登录了后台') [ RunTime:0.1250s ]
SQL: SELECT * FROM `jy_action` WHERE `name` = 'user_login' LIMIT 1   [ RunTime:0.0590s ]
NOTIC: [8] Undefined offset: 1 D:\WAMP\www\www.my-music.cn\Application\Common\Common\function.php 第 731 行.
NOTIC: [2] array_key_exists() expects parameter 2 to be array, null given D:\WAMP\www\www.my-music.cn\Application\Common\Common\function.php 第 731 行.
SQL: SELECT COUNT(*) AS tp_count FROM `jy_action_log` WHERE `action_id` = 1 AND `user_id` = 1 AND `create_time` > 1511417575 LIMIT 1   [ RunTime:0.1540s ]
SQL: UPDATE `jy_member` SET `score`=score+10 WHERE ( uid=1 AND status>-1 ) [ RunTime:0.1240s ]
SQL: UPDATE `jy_member` SET `login`=`login`+1,`last_login_time`='1511503975',`last_login_ip`='2130706433' WHERE `uid` = 1 [ RunTime:0.0570s ]

[ 2017-11-24T14:12:58+08:00 ] 127.0.0.1 /admin.php?s=/Index/index.html
INFO: [ app_init ] --START--
INFO: Run Behavior\BuildLiteBehavior [ RunTime:0.000000s ]
INFO: Run Common\Behavior\InitHookBehavior [ RunTime:0.002000s ]
INFO: [ app_init ] --END-- [ RunTime:0.002000s ]
INFO: [ app_begin ] --START--
INFO: Run Behavior\ReadHtmlCacheBehavior [ RunTime:0.000000s ]
INFO: [ app_begin ] --END-- [ RunTime:0.000000s ]

[ 2017-11-24T14:13:00+08:00 ] 127.0.0.1 /admin.php?s=/Update/ajaxCheck.html
INFO: [ app_init ] --START--
INFO: Run Behavior\BuildLiteBehavior [ RunTime:0.000000s ]
INFO: Run Common\Behavior\InitHookBehavior [ RunTime:0.001000s ]
INFO: [ app_init ] --END-- [ RunTime:0.002000s ]
INFO: [ app_begin ] --START--
INFO: Run Behavior\ReadHtmlCacheBehavior [ RunTime:0.000000s ]
INFO: [ app_begin ] --END-- [ RunTime:0.001000s ]
SQL: SHOW COLUMNS FROM `jy_menu` [ RunTime:0.0570s ]
SQL: SELECT `id`,`title`,`url`,`style` FROM `jy_menu` WHERE `pid` = 0 AND `hide` = 0 AND `is_dev` = 0 ORDER BY sort asc  [ RunTime:0.0560s ]
SQL: SELECT `pid` FROM `jy_menu` WHERE ( pid !=0 AND url like '%Update/ajaxCheck%' ) LIMIT 1   [ RunTime:0.0550s ]
SQL: SHOW COLUMNS FROM `jy_config` [ RunTime:0.0560s ]
SQL: SELECT `value` FROM `jy_config` WHERE `name` = 'JYMUSIC_UPDATE_TIME' LIMIT 1   [ RunTime:0.0550s ]
SQL: SELECT `value` FROM `jy_config` WHERE `name` = 'JYMUSIC_VERSION' LIMIT 1   [ RunTime:0.0550s ]

[ 2017-11-24T14:13:05+08:00 ] 127.0.0.1 /admin.php?s=/Songs/index.html
INFO: [ app_init ] --START--
INFO: Run Behavior\BuildLiteBehavior [ RunTime:0.000000s ]
INFO: Run Common\Behavior\InitHookBehavior [ RunTime:0.003000s ]
INFO: [ app_init ] --END-- [ RunTime:0.003000s ]
INFO: [ app_begin ] --START--
INFO: Run Behavior\ReadHtmlCacheBehavior [ RunTime:0.000000s ]
INFO: [ app_begin ] --END-- [ RunTime:0.000000s ]
NOTIC: [2048] Declaration of Admin\Controller\SongsController::setStatus() should be compatible with Admin\Controller\AdminController::setStatus($Model = Admin\Controller\CONTROLLER_NAME) D:\WAMP\www\www.my-music.cn\Application\Admin\Controller\SongsController.class.php 第 7 行.

[ 2017-11-24T14:13:12+08:00 ] 127.0.0.1 /admin.php?s=/Audit/index.html
INFO: [ app_init ] --START--
INFO: Run Behavior\BuildLiteBehavior [ RunTime:0.000000s ]
INFO: Run Common\Behavior\InitHookBehavior [ RunTime:0.003000s ]
INFO: [ app_init ] --END-- [ RunTime:0.004001s ]
INFO: [ app_begin ] --START--
INFO: Run Behavior\ReadHtmlCacheBehavior [ RunTime:0.001000s ]
INFO: [ app_begin ] --END-- [ RunTime:0.001000s ]

[ 2017-11-24T14:13:19+08:00 ] 127.0.0.1 /admin.php?s=/Server/index.html
INFO: [ app_init ] --START--
INFO: Run Behavior\BuildLiteBehavior [ RunTime:0.000000s ]
INFO: Run Common\Behavior\InitHookBehavior [ RunTime:0.002000s ]
INFO: [ app_init ] --END-- [ RunTime:0.002000s ]
INFO: [ app_begin ] --START--
INFO: Run Behavior\ReadHtmlCacheBehavior [ RunTime:0.000000s ]
INFO: [ app_begin ] --END-- [ RunTime:0.000000s ]

[ 2017-11-24T14:13:24+08:00 ] 127.0.0.1 /admin.php?s=/User/index.html
INFO: [ app_init ] --START--
INFO: Run Behavior\BuildLiteBehavior [ RunTime:0.000000s ]
INFO: Run Common\Behavior\InitHookBehavior [ RunTime:0.002000s ]
INFO: [ app_init ] --END-- [ RunTime:0.002000s ]
INFO: [ app_begin ] --START--
INFO: Run Behavior\ReadHtmlCacheBehavior [ RunTime:0.001000s ]
INFO: [ app_begin ] --END-- [ RunTime:0.001000s ]

[ 2017-11-24T14:13:31+08:00 ] 127.0.0.1 /admin.php?s=/Message/index.html
INFO: [ app_init ] --START--
INFO: Run Behavior\BuildLiteBehavior [ RunTime:0.000000s ]
INFO: Run Common\Behavior\InitHookBehavior [ RunTime:0.002000s ]
INFO: [ app_init ] --END-- [ RunTime:0.003000s ]
INFO: [ app_begin ] --START--
INFO: Run Behavior\ReadHtmlCacheBehavior [ RunTime:0.001000s ]
INFO: [ app_begin ] --END-- [ RunTime:0.001000s ]
NOTIC: [2048] Declaration of Admin\Controller\MessageController::setStatus() should be compatible with Admin\Controller\AdminController::setStatus($Model = Admin\Controller\CONTROLLER_NAME) D:\WAMP\www\www.my-music.cn\Application\Admin\Controller\MessageController.class.php 第 15 行.

[ 2017-11-24T14:13:34+08:00 ] 127.0.0.1 /admin.php?s=/User/index.html
INFO: [ app_init ] --START--
INFO: Run Behavior\BuildLiteBehavior [ RunTime:0.000000s ]
INFO: Run Common\Behavior\InitHookBehavior [ RunTime:0.003001s ]
INFO: [ app_init ] --END-- [ RunTime:0.004001s ]
INFO: [ app_begin ] --START--
INFO: Run Behavior\ReadHtmlCacheBehavior [ RunTime:0.001000s ]
INFO: [ app_begin ] --END-- [ RunTime:0.001000s ]

