<<<<<<< HEAD
[ 2018-02-06T10:11:51+08:00 ] 116.93.37.75 /index.php?s=/article.html
INFO: [ app_init ] --START--
INFO: Run Behavior\BuildLiteBehavior [ RunTime:0.000011s ]
INFO: Run Common\Behavior\InitHookBehavior [ RunTime:0.000227s ]
INFO: [ app_init ] --END-- [ RunTime:0.000340s ]
INFO: [ app_begin ] --START--
INFO: Run Behavior\ReadHtmlCacheBehavior [ RunTime:0.000038s ]
INFO: [ app_begin ] --END-- [ RunTime:0.000070s ]

[ 2018-02-06T10:31:21+08:00 ] 116.93.37.75 /index.php?s=/article.html
INFO: [ app_init ] --START--
INFO: Run Behavior\BuildLiteBehavior [ RunTime:0.000011s ]
INFO: Run Common\Behavior\InitHookBehavior [ RunTime:0.000177s ]
INFO: [ app_init ] --END-- [ RunTime:0.000264s ]
INFO: [ app_begin ] --START--
INFO: Run Behavior\ReadHtmlCacheBehavior [ RunTime:0.000029s ]
INFO: [ app_begin ] --END-- [ RunTime:0.000056s ]

[ 2018-02-06T10:42:51+08:00 ] 116.93.37.75 /index.php?s=/article.html
INFO: [ app_init ] --START--
INFO: Run Behavior\BuildLiteBehavior [ RunTime:0.000011s ]
INFO: Run Common\Behavior\InitHookBehavior [ RunTime:0.000190s ]
INFO: [ app_init ] --END-- [ RunTime:0.000285s ]
INFO: [ app_begin ] --START--
INFO: Run Behavior\ReadHtmlCacheBehavior [ RunTime:0.000031s ]
INFO: [ app_begin ] --END-- [ RunTime:0.000064s ]

[ 2018-02-06T10:44:11+08:00 ] 47.95.63.56 /index.php?s=/article/type/baoliao.html
INFO: [ app_init ] --START--
INFO: Run Behavior\BuildLiteBehavior [ RunTime:0.000012s ]
INFO: Run Common\Behavior\InitHookBehavior [ RunTime:0.000217s ]
INFO: [ app_init ] --END-- [ RunTime:0.000321s ]
INFO: [ app_begin ] --START--
INFO: Run Behavior\ReadHtmlCacheBehavior [ RunTime:0.000036s ]
INFO: [ app_begin ] --END-- [ RunTime:0.000068s ]

[ 2018-02-06T12:13:36+08:00 ] 47.92.22.210 /index.php?s=/Article/Music/detail/id/2.html
INFO: [ app_init ] --START--
INFO: Run Behavior\BuildLiteBehavior [ RunTime:0.000013s ]
INFO: Run Common\Behavior\InitHookBehavior [ RunTime:0.000270s ]
INFO: [ app_init ] --END-- [ RunTime:0.000383s ]
INFO: [ app_begin ] --START--
INFO: Run Behavior\ReadHtmlCacheBehavior [ RunTime:0.000038s ]
INFO: [ app_begin ] --END-- [ RunTime:0.000071s ]
INFO: [ view_parse ] --START--
INFO: [ template_filter ] --START--
INFO: Run Behavior\ContentReplaceBehavior [ RunTime:0.000113s ]
INFO: [ template_filter ] --END-- [ RunTime:0.000159s ]
NOTIC: [8] Undefined variable: meta_title /www/web/my-music_cn/public_html/Runtime/Cache/Article/cd584b7927e3c1d118b338730528cd66.php 第 5 行.
NOTIC: [8] Undefined variable: meta_keywords /www/web/my-music_cn/public_html/Runtime/Cache/Article/cd584b7927e3c1d118b338730528cd66.php 第 10 行.
NOTIC: [8] Undefined variable: meta_description /www/web/my-music_cn/public_html/Runtime/Cache/Article/cd584b7927e3c1d118b338730528cd66.php 第 11 行.
SQL: SHOW COLUMNS FROM `jy_channel` [ RunTime:0.0004s ]
NOTIC: [8] Undefined index: HTTP_REFERER /www/web/my-music_cn/public_html/Application/Article/Common/function.php 第 82 行.
NOTIC: [8] Undefined index: HTTP_REFERER /www/web/my-music_cn/public_html/Application/Article/Common/function.php 第 82 行.
NOTIC: [8] Undefined index: HTTP_REFERER /www/web/my-music_cn/public_html/Application/Article/Common/function.php 第 82 行.
NOTIC: [8] Undefined index: HTTP_REFERER /www/web/my-music_cn/public_html/Application/Article/Common/function.php 第 82 行.
NOTIC: [8] Undefined index: HTTP_REFERER /www/web/my-music_cn/public_html/Application/Article/Common/function.php 第 82 行.
SQL: SHOW COLUMNS FROM `jy_songs` [ RunTime:0.0004s ]
SQL: SELECT * FROM jy_songs __MUSIC WHERE `status` = 1 AND (  position & 1 = 1 ) ORDER BY update_time desc LIMIT 6   [ RunTime:0.0001s ]
SQL: SHOW COLUMNS FROM `jy_site` [ RunTime:0.0003s ]
INFO: Run Behavior\ParseTemplateBehavior [ RunTime:0.016914s ]
INFO: [ view_parse ] --END-- [ RunTime:0.016948s ]
INFO: [ view_filter ] --START--
INFO: Run Behavior\WriteHtmlCacheBehavior [ RunTime:0.000034s ]
INFO: Run Common\Behavior\FilterTmplBehavior [ RunTime:0.000039s ]
INFO: Run Behavior\TokenBuildBehavior [ RunTime:0.000038s ]
INFO: [ view_filter ] --END-- [ RunTime:0.000159s ]

[ 2018-02-06T15:00:58+08:00 ] 121.42.241.23 /index.php?s=/Article/Music/detail/id/5.html
INFO: [ app_init ] --START--
INFO: Run Behavior\BuildLiteBehavior [ RunTime:0.000011s ]
INFO: Run Common\Behavior\InitHookBehavior [ RunTime:0.000239s ]
INFO: [ app_init ] --END-- [ RunTime:0.000342s ]
INFO: [ app_begin ] --START--
INFO: Run Behavior\ReadHtmlCacheBehavior [ RunTime:0.000039s ]
INFO: [ app_begin ] --END-- [ RunTime:0.000069s ]
INFO: [ view_parse ] --START--
INFO: [ template_filter ] --START--
INFO: Run Behavior\ContentReplaceBehavior [ RunTime:0.000122s ]
INFO: [ template_filter ] --END-- [ RunTime:0.000158s ]
NOTIC: [8] Undefined variable: meta_title /www/web/my-music_cn/public_html/Runtime/Cache/Article/cd584b7927e3c1d118b338730528cd66.php 第 5 行.
NOTIC: [8] Undefined variable: meta_keywords /www/web/my-music_cn/public_html/Runtime/Cache/Article/cd584b7927e3c1d118b338730528cd66.php 第 10 行.
NOTIC: [8] Undefined variable: meta_description /www/web/my-music_cn/public_html/Runtime/Cache/Article/cd584b7927e3c1d118b338730528cd66.php 第 11 行.
SQL: SHOW COLUMNS FROM `jy_channel` [ RunTime:0.0005s ]
NOTIC: [8] Undefined index: HTTP_REFERER /www/web/my-music_cn/public_html/Application/Article/Common/function.php 第 82 行.
NOTIC: [8] Undefined index: HTTP_REFERER /www/web/my-music_cn/public_html/Application/Article/Common/function.php 第 82 行.
NOTIC: [8] Undefined index: HTTP_REFERER /www/web/my-music_cn/public_html/Application/Article/Common/function.php 第 82 行.
NOTIC: [8] Undefined index: HTTP_REFERER /www/web/my-music_cn/public_html/Application/Article/Common/function.php 第 82 行.
NOTIC: [8] Undefined index: HTTP_REFERER /www/web/my-music_cn/public_html/Application/Article/Common/function.php 第 82 行.
SQL: SHOW COLUMNS FROM `jy_songs` [ RunTime:0.0005s ]
SQL: SELECT * FROM jy_songs __MUSIC WHERE `status` = 1 AND (  position & 1 = 1 ) ORDER BY update_time desc LIMIT 6   [ RunTime:0.0001s ]
SQL: SHOW COLUMNS FROM `jy_site` [ RunTime:0.0003s ]
INFO: Run Behavior\ParseTemplateBehavior [ RunTime:0.017236s ]
INFO: [ view_parse ] --END-- [ RunTime:0.017269s ]
INFO: [ view_filter ] --START--
INFO: Run Behavior\WriteHtmlCacheBehavior [ RunTime:0.000035s ]
INFO: Run Common\Behavior\FilterTmplBehavior [ RunTime:0.000038s ]
INFO: Run Behavior\TokenBuildBehavior [ RunTime:0.000032s ]
INFO: [ view_filter ] --END-- [ RunTime:0.000155s ]

[ 2018-02-06T21:03:16+08:00 ] 123.125.71.32 /index.php?s=/Article/Music/detail/id/2.html
INFO: [ app_init ] --START--
INFO: Run Behavior\BuildLiteBehavior [ RunTime:0.000013s ]
INFO: Run Common\Behavior\InitHookBehavior [ RunTime:0.000237s ]
INFO: [ app_init ] --END-- [ RunTime:0.000356s ]
INFO: [ app_begin ] --START--
INFO: Run Behavior\ReadHtmlCacheBehavior [ RunTime:0.000041s ]
INFO: [ app_begin ] --END-- [ RunTime:0.000075s ]
INFO: [ view_parse ] --START--
INFO: [ template_filter ] --START--
INFO: Run Behavior\ContentReplaceBehavior [ RunTime:0.000116s ]
INFO: [ template_filter ] --END-- [ RunTime:0.000151s ]
NOTIC: [8] Undefined variable: meta_title /www/web/my-music_cn/public_html/Runtime/Cache/Article/cd584b7927e3c1d118b338730528cd66.php 第 5 行.
NOTIC: [8] Undefined variable: meta_keywords /www/web/my-music_cn/public_html/Runtime/Cache/Article/cd584b7927e3c1d118b338730528cd66.php 第 10 行.
NOTIC: [8] Undefined variable: meta_description /www/web/my-music_cn/public_html/Runtime/Cache/Article/cd584b7927e3c1d118b338730528cd66.php 第 11 行.
SQL: SHOW COLUMNS FROM `jy_channel` [ RunTime:0.0004s ]
NOTIC: [8] Undefined index: HTTP_REFERER /www/web/my-music_cn/public_html/Application/Article/Common/function.php 第 82 行.
NOTIC: [8] Undefined index: HTTP_REFERER /www/web/my-music_cn/public_html/Application/Article/Common/function.php 第 82 行.
NOTIC: [8] Undefined index: HTTP_REFERER /www/web/my-music_cn/public_html/Application/Article/Common/function.php 第 82 行.
NOTIC: [8] Undefined index: HTTP_REFERER /www/web/my-music_cn/public_html/Application/Article/Common/function.php 第 82 行.
NOTIC: [8] Undefined index: HTTP_REFERER /www/web/my-music_cn/public_html/Application/Article/Common/function.php 第 82 行.
SQL: SHOW COLUMNS FROM `jy_songs` [ RunTime:0.0004s ]
SQL: SELECT * FROM jy_songs __MUSIC WHERE `status` = 1 AND (  position & 1 = 1 ) ORDER BY update_time desc LIMIT 6   [ RunTime:0.0001s ]
SQL: SHOW COLUMNS FROM `jy_site` [ RunTime:0.0003s ]
INFO: Run Behavior\ParseTemplateBehavior [ RunTime:0.018222s ]
INFO: [ view_parse ] --END-- [ RunTime:0.018258s ]
INFO: [ view_filter ] --START--
INFO: Run Behavior\WriteHtmlCacheBehavior [ RunTime:0.000034s ]
INFO: Run Common\Behavior\FilterTmplBehavior [ RunTime:0.000036s ]
INFO: Run Behavior\TokenBuildBehavior [ RunTime:0.000032s ]
INFO: [ view_filter ] --END-- [ RunTime:0.000150s ]

=======
[ 2018-02-06T10:43:02+08:00 ] 127.0.0.1 /index.php?s=/article.html
INFO: [ app_init ] --START--
INFO: Run Behavior\BuildLiteBehavior [ RunTime:0.000000s ]
INFO: Run Common\Behavior\InitHookBehavior [ RunTime:0.002501s ]
INFO: [ app_init ] --END-- [ RunTime:0.002501s ]
INFO: [ app_begin ] --START--
INFO: Run Behavior\ReadHtmlCacheBehavior [ RunTime:0.001000s ]
INFO: [ app_begin ] --END-- [ RunTime:0.001000s ]

>>>>>>> a3cee2f0dd3f3aaa0c37b16fdf04a643c10ddd14
